<?xml version="1.0" encoding="UTF-8"?>
<!-- Generated by org.testng.reporters.JUnitReportReporter -->
<testsuite hostname="hunter" failures="0" tests="1" name="AutoTasks.childwindowhndl" time="26.746" errors="0" timestamp="2022-12-31T01:03:06 IST" skipped="0">
  <testcase classname="AutoTasks.childwindowhndl" name="TC_100" time="26.746"/>
  <system-out/>
</testsuite> <!-- AutoTasks.childwindowhndl -->
